app/build/intermediates/manifest_merge_blame_file/release/manifest-merger-blame-release-report.txt
1<?xml version="1.0" encoding="utf-8"?>
2<manifest xmlns:android="http://schemas.android.com/apk/res/android"
3    package="com.bob.bobapp"
4    android:versionCode="1"
5    android:versionName="1.0" >
6
7    <uses-sdk
8        android:minSdkVersion="16"
8-->src\main\AndroidManifest.xml
9        android:targetSdkVersion="29" />
9-->src\main\AndroidManifest.xml
10
11    <uses-permission android:name="android.permission.ACCESS_NETWORK_STATE" />
11-->src\main\AndroidManifest.xml:5:5-79
11-->src\main\AndroidManifest.xml:5:22-76
12    <uses-permission android:name="android.permission.INTERNET" />
12-->src\main\AndroidManifest.xml:6:5-67
12-->src\main\AndroidManifest.xml:6:22-64
13    <uses-permission android:name="android.permission.CHANGE_WIFI_STATE" />
13-->src\main\AndroidManifest.xml:7:5-76
13-->src\main\AndroidManifest.xml:7:22-73
14    <uses-permission android:name="android.permission.ACCESS_WIFI_STATE" />
14-->src\main\AndroidManifest.xml:8:5-76
14-->src\main\AndroidManifest.xml:8:22-73
15
16    <application
16-->src\main\AndroidManifest.xml:10:5-50:19
17        android:name="com.bob.bobapp.BOBApp"
17-->src\main\AndroidManifest.xml:11:9-31
18        android:allowBackup="true"
18-->src\main\AndroidManifest.xml:12:9-35
19        android:icon="@mipmap/ic_launcher"
19-->src\main\AndroidManifest.xml:13:9-43
20        android:label="@string/app_name"
20-->src\main\AndroidManifest.xml:14:9-41
21        android:roundIcon="@mipmap/ic_launcher_round"
21-->src\main\AndroidManifest.xml:15:9-54
22        android:supportsRtl="true"
22-->src\main\AndroidManifest.xml:16:9-35
23        android:theme="@style/AppTheme" >
23-->src\main\AndroidManifest.xml:17:9-40
24        <activity android:name="com.bob.bobapp.activities.RiskProfileActivity" />
24-->src\main\AndroidManifest.xml:18:9-77
24-->src\main\AndroidManifest.xml:18:19-65
25        <activity android:name="com.bob.bobapp.activities.TermsAndConditionActivity" />
25-->src\main\AndroidManifest.xml:19:9-74
25-->src\main\AndroidManifest.xml:19:19-71
26
27        <service
27-->src\main\AndroidManifest.xml:21:9-23:40
28            android:name="com.bob.bobapp.api.WebService"
28-->src\main\AndroidManifest.xml:22:13-43
29            android:exported="false" />
29-->src\main\AndroidManifest.xml:23:13-37
30
31        <activity android:name="com.bob.bobapp.activities.PortfolioAnalytics" />
31-->src\main\AndroidManifest.xml:25:9-67
31-->src\main\AndroidManifest.xml:25:19-64
32        <activity android:name="com.bob.bobapp.activities.WealthMgmtActivity" />
32-->src\main\AndroidManifest.xml:26:9-67
32-->src\main\AndroidManifest.xml:26:19-64
33        <activity android:name="com.bob.bobapp.activities.InvestmentCartActivity" />
33-->src\main\AndroidManifest.xml:27:9-71
33-->src\main\AndroidManifest.xml:27:19-68
34        <activity android:name="com.bob.bobapp.activities.InvestmentMaturityActivity" />
34-->src\main\AndroidManifest.xml:28:9-75
34-->src\main\AndroidManifest.xml:28:19-72
35        <activity android:name="com.bob.bobapp.activities.SIPSWPSTPDueActivity" />
35-->src\main\AndroidManifest.xml:29:9-69
35-->src\main\AndroidManifest.xml:29:19-66
36        <activity android:name="com.bob.bobapp.activities.StopSIPActivity" />
36-->src\main\AndroidManifest.xml:30:9-64
36-->src\main\AndroidManifest.xml:30:19-61
37        <activity android:name="com.bob.bobapp.activities.DematHoldingActivity" />
37-->src\main\AndroidManifest.xml:31:9-69
37-->src\main\AndroidManifest.xml:31:19-66
38        <activity android:name="com.bob.bobapp.activities.OrderStatusActivity" />
38-->src\main\AndroidManifest.xml:32:9-68
38-->src\main\AndroidManifest.xml:32:19-65
39        <activity android:name="com.bob.bobapp.activities.DiscoverFundsActivity" />
39-->src\main\AndroidManifest.xml:33:9-70
39-->src\main\AndroidManifest.xml:33:19-67
40        <activity android:name="com.bob.bobapp.activities.HoldingsActivity" />
40-->src\main\AndroidManifest.xml:34:9-65
40-->src\main\AndroidManifest.xml:34:19-62
41        <activity android:name="com.bob.bobapp.activities.TransactionActivity" />
41-->src\main\AndroidManifest.xml:35:9-68
41-->src\main\AndroidManifest.xml:35:19-65
42        <activity android:name="com.bob.bobapp.activities.RealizedGainLossActivity" />
42-->src\main\AndroidManifest.xml:36:9-73
42-->src\main\AndroidManifest.xml:36:19-70
43        <activity android:name="com.bob.bobapp.activities.InsuranceActivity" />
43-->src\main\AndroidManifest.xml:37:9-66
43-->src\main\AndroidManifest.xml:37:19-63
44        <activity android:name="com.bob.bobapp.activities.FactSheetActivity" />
44-->src\main\AndroidManifest.xml:38:9-66
44-->src\main\AndroidManifest.xml:38:19-63
45        <activity android:name="com.bob.bobapp.activities.HoldingDetailActivity" />
45-->src\main\AndroidManifest.xml:39:9-70
45-->src\main\AndroidManifest.xml:39:19-67
46        <activity android:name="com.bob.bobapp.activities.BuySIPRedeemSwitchActivity" />
46-->src\main\AndroidManifest.xml:40:9-75
46-->src\main\AndroidManifest.xml:40:19-72
47        <activity android:name="com.bob.bobapp.activities.InsuranceDetailActivity" />
47-->src\main\AndroidManifest.xml:41:9-72
47-->src\main\AndroidManifest.xml:41:19-69
48        <activity android:name="com.bob.bobapp.activities.BOBActivity" >
48-->src\main\AndroidManifest.xml:43:9-49:20
48-->src\main\AndroidManifest.xml:43:19-57
49
50            <!--
51            <intent-filter>
52                <action android:name="android.intent.action.MAIN" />
53
54                <category android:name="android.intent.category.LAUNCHER" />
55            </intent-filter>
56            -->
57        </activity>
58    </application>
59
60</manifest>